<?xml version="1.0" encoding="UTF-8"?>
<testng-results total="3" passed="3" failed="0" skipped="0">
  <reporter-output>
  </reporter-output>
  <suite started-at="2024-09-14T18:17:10Z" name="Test Suite for Buildout" finished-at="2024-09-14T18:17:51Z" duration-ms="40404">
    <groups>
    </groups>
    <test started-at="2024-09-14T18:17:10Z" name="Test Cases for Buildout" finished-at="2024-09-14T18:17:51Z" duration-ms="40404">
      <class name="demo.TestCases">
        <test-method is-config="true" signature="startBrowser()[pri:0, instance:demo.TestCases@4a891c97]" started-at="2024-09-14T23:47:10Z" name="startBrowser" finished-at="2024-09-14T23:47:18Z" duration-ms="7690" status="PASS">
          <reporter-output>
          </reporter-output>
        </test-method> <!-- startBrowser -->
        <test-method signature="testCase01()[pri:0, instance:demo.TestCases@4a891c97]" started-at="2024-09-14T23:47:18Z" name="testCase01" description="Search &quot;Search Washing Machine &quot;.Sort by popularity and print the count of items with rating less than or equal to 4 stars." finished-at="2024-09-14T23:47:28Z" duration-ms="10499" status="PASS">
          <reporter-output>
          </reporter-output>
        </test-method> <!-- testCase01 -->
        <test-method signature="testCase02()[pri:0, instance:demo.TestCases@4a891c97]" started-at="2024-09-14T23:47:28Z" name="testCase02" description="Search &quot;iPhone&quot;, print the Titles and discount % of items with more than 17% discount" finished-at="2024-09-14T23:47:36Z" duration-ms="8031" status="PASS">
          <reporter-output>
          </reporter-output>
        </test-method> <!-- testCase02 -->
        <test-method signature="testCase03()[pri:0, instance:demo.TestCases@4a891c97]" started-at="2024-09-14T23:47:36Z" name="testCase03" description="Search &quot;Coffee Mug&quot;, select 4 stars and above, and print the Title and image URL of the 5 items with highest number of reviews" finished-at="2024-09-14T23:47:50Z" duration-ms="13209" status="PASS">
          <reporter-output>
          </reporter-output>
        </test-method> <!-- testCase03 -->
        <test-method is-config="true" signature="endTest()[pri:0, instance:demo.TestCases@4a891c97]" started-at="2024-09-14T23:47:50Z" name="endTest" finished-at="2024-09-14T23:47:51Z" duration-ms="944" status="PASS">
          <reporter-output>
          </reporter-output>
        </test-method> <!-- endTest -->
      </class> <!-- demo.TestCases -->
    </test> <!-- Test Cases for Buildout -->
  </suite> <!-- Test Suite for Buildout -->
</testng-results>
